<?xml version="1.0" encoding="UTF-8"?>
<testsuite xmlns:xsi="http://www.w3.org/2001/XMLSchema-instance" xsi:noNamespaceSchemaLocation="https://maven.apache.org/surefire/maven-surefire-plugin/xsd/surefire-test-report-3.0.xsd" version="3.0" name="com.itheima.UserServiceAiTest" time="0.261" tests="10" errors="0" skipped="0" failures="0">
  <properties>
[...]
</properties>
  <testcase name="getGender_MultipleMaleIdCards_ReturnsMale(String)[1]" classname="com.itheima.UserServiceAiTest" time="0.117"/>
  <testcase name="getGender_MultipleMaleIdCards_ReturnsMale(String)[2]" classname="com.itheima.UserServiceAiTest" time="0.004"/>
  <testcase name="getGender_MultipleMaleIdCards_ReturnsMale(String)[3]" classname="com.itheima.UserServiceAiTest" time="0.003"/>
  <testcase name="getGender_InvalidLengthIdCard_ThrowsException" classname="com.itheima.UserServiceAiTest" time="0.007"/>
  <testcase name="getGender_ValidMaleIdCard_ReturnsMale" classname="com.itheima.UserServiceAiTest" time="0.002"/>
  <testcase name="getGender_MultipleFemaleIdCards_ReturnsFemale(String)[1]" classname="com.itheima.UserServiceAiTest" time="0.003"/>
  <testcase name="getGender_MultipleFemaleIdCards_ReturnsFemale(String)[2]" classname="com.itheima.UserServiceAiTest" time="0.002"/>
  <testcase name="getGender_MultipleFemaleIdCards_ReturnsFemale(String)[3]" classname="com.itheima.UserServiceAiTest" time="0.004"/>
  <testcase name="getGender_NullIdCard_ThrowsException" classname="com.itheima.UserServiceAiTest" time="0.002"/>
  <testcase name="getGender_ValidFemaleIdCard_ReturnsFemale" classname="com.itheima.UserServiceAiTest" time="0.001"/>
</testsuite>